This is pdfTeX, Version 3.141592653-2.6-1.40.29 (TeX Live 2026/Arch Linux) (preloaded format=pdflatex 2026.3.10)  10 MAR 2026 01:22
entering extended mode
 restricted \write18 enabled.
 file:line:error style messages enabled.
 %&-line parsing enabled.
**/root/main/modelacion_matematica/modelacion_matematica/plantillaEntregaTaller/informe_taller1.tex
(/root/main/modelacion_matematica/modelacion_matematica/plantillaEntregaTaller/informe_taller1.tex
LaTeX2e <2025-11-01>
L3 programming layer <2026-01-19>
(/usr/share/texmf-dist/tex/latex/base/report.cls
Document Class: report 2025/01/22 v1.4n Standard LaTeX document class
(/usr/share/texmf-dist/tex/latex/base/size11.clo
File: size11.clo 2025/01/22 v1.4n Standard LaTeX file (size option)
)
\c@part=\count275
\c@chapter=\count276
\c@section=\count277
\c@subsection=\count278
\c@subsubsection=\count279
\c@paragraph=\count280
\c@subparagraph=\count281
\c@figure=\count282
\c@table=\count283
\abovecaptionskip=\skip49
\belowcaptionskip=\skip50
\bibindent=\dimen148
) (/usr/share/texmf-dist/tex/latex/geometry/geometry.sty
Package: geometry 2020/01/02 v5.9 Page Geometry
 (/usr/share/texmf-dist/tex/latex/graphics/keyval.sty
Package: keyval 2022/05/29 v1.15 key=value parser (DPC)
\KV@toks@=\toks17
) (/usr/share/texmf-dist/tex/generic/iftex/ifvtex.sty
Package: ifvtex 2019/10/25 v1.7 ifvtex legacy package. Use iftex instead.
 (/usr/share/texmf-dist/tex/generic/iftex/iftex.sty
Package: iftex 2024/12/12 v1.0g TeX engine tests
))
\Gm@cnth=\count284
\Gm@cntv=\count285
\c@Gm@tempcnt=\count286
\Gm@bindingoffset=\dimen149
\Gm@wd@mp=\dimen150
\Gm@odd@mp=\dimen151
\Gm@even@mp=\dimen152
\Gm@layoutwidth=\dimen153
\Gm@layoutheight=\dimen154
\Gm@layouthoffset=\dimen155
\Gm@layoutvoffset=\dimen156
\Gm@dimlist=\toks18
) (/usr/share/texmf-dist/tex/generic/babel/babel.sty
Package: babel 2026/02/14 v26.3 The multilingual framework for LuaLaTeX, pdfLaTeX and XeLaTeX
\babel@savecnt=\count287
LaTeX Encoding Info:    Redeclaring text command \ij (encoding OT1) on input line 2078.
LaTeX Encoding Info:    Redeclaring text command \IJ (encoding OT1) on input line 2080.
LaTeX Encoding Info:    Redeclaring text command \ij (encoding T1) on input line 2082.
LaTeX Encoding Info:    Redeclaring text command \IJ (encoding T1) on input line 2083.
LaTeX Encoding Info:    Ignoring declaration for text command \ij (encoding ?) on input line 2084.
LaTeX Encoding Info:    Ignoring declaration for text command \IJ (encoding ?) on input line 2086.
LaTeX Encoding Info:    Ignoring declaration for text command \SS (encoding ?) on input line 2111.
\U@D=\dimen157
\l@unhyphenated=\language6
 (/usr/share/texmf-dist/tex/generic/babel/txtbabel.def)
\bbl@readstream=\read2
\bbl@dirlevel=\count288
 (/usr/share/texmf-dist/tex/generic/babel/locale/es/babel-spanish.tex)
Package babel Info: Importing font and identification data for spanish
(babel)             from babel-es.ini. Reported on input line 4330.
 (/usr/share/texmf-dist/tex/generic/babel-spanish/spanish.ldf
Language: spanish.ldf 2021/05/27 v5.0q Spanish support from the babel system
\es@quottoks=\toks19
\es@quotdepth=\count289
Package babel Info: Making " an active character on input line 570.
Package babel Info: Making . an active character on input line 675.
Package babel Info: Making < an active character on input line 722.
Package babel Info: Making > an active character on input line 722.
))
LaTeX Encoding Info:    Redeclaring text command \guillemotleft (encoding OT1) on input line 7.
LaTeX Encoding Info:    Redeclaring text command \guillemotright (encoding OT1) on input line 7.
 (/usr/share/texmf-dist/tex/latex/graphics/graphicx.sty
Package: graphicx 2024/12/31 v1.2e Enhanced LaTeX Graphics (DPC,SPQR)
 (/usr/share/texmf-dist/tex/latex/graphics/graphics.sty
Package: graphics 2024/08/06 v1.4g Standard LaTeX Graphics (DPC,SPQR)
 (/usr/share/texmf-dist/tex/latex/graphics/trig.sty
Package: trig 2023/12/02 v1.11 sin cos tan (DPC)
) (/usr/share/texmf-dist/tex/latex/graphics-cfg/graphics.cfg
File: graphics.cfg 2016/06/04 v1.11 sample graphics configuration
)
Package graphics Info: Driver file: pdftex.def on input line 106.
 (/usr/share/texmf-dist/tex/latex/graphics-def/pdftex.def
File: pdftex.def 2025/09/29 v1.2d Graphics/color driver for pdftex
))
\Gin@req@height=\dimen158
\Gin@req@width=\dimen159
) (/usr/share/texmf-dist/tex/latex/setspace/setspace.sty
Package: setspace 2022/12/04 v6.7b set line spacing
) (/usr/share/texmf-dist/tex/latex/base/fontenc.sty
Package: fontenc 2025/07/18 v2.1d Standard LaTeX package
) (/usr/share/texmf-dist/tex/latex/base/inputenc.sty
Package: inputenc 2024/02/08 v1.3d Input encoding file
\inpenc@prehook=\toks20
\inpenc@posthook=\toks21
) (/usr/share/texmf-dist/tex/latex/blindtext/blindtext.sty
Package: blindtext 2012/01/06 V2.0 blindtext-Package
 (/usr/share/texmf-dist/tex/latex/tools/xspace.sty
Package: xspace 2014/10/28 v1.13 Space after command names (DPC,MH)
)
\c@blindtext=\count290
\c@Blindtext=\count291
\c@blind@countparstart=\count292
\blind@countxx=\count293
\blindtext@numBlindtext=\count294
\blind@countyy=\count295
\c@blindlist=\count296
\c@blindlistlevel=\count297
\c@blindlist@level=\count298
\blind@listitem=\count299
\c@blind@listcount=\count300
\c@blind@levelcount=\count301
\blind@mathformula=\count302
\blind@Mathformula=\count303
\c@blind@randomcount=\count304
\c@blind@randommax=\count305
\c@blind@pangramcount=\count306
\c@blind@pangrammax=\count307
) (/usr/share/texmf-dist/tex/latex/xfrac/xfrac.sty (/usr/share/texmf-dist/tex/latex/amsmath/amstext.sty
Package: amstext 2024/11/17 v2.01 AMS text
 (/usr/share/texmf-dist/tex/latex/amsmath/amsgen.sty
File: amsgen.sty 1999/11/30 v2.0 generic functions
\@emptytoks=\toks22
\ex@=\dimen160
))
Package: xfrac 2024-06-04 Split-level fractions
\l__xfrac_slash_box=\box53
\l__xfrac_tmp_box=\box54
\l__xfrac_denominator_bot_sep_dim=\dimen161
\l__xfrac_numerator_bot_sep_dim=\dimen162
\l__xfrac_numerator_top_sep_dim=\dimen163
\l__xfrac_slash_left_sep_dim=\dimen164
\l__xfrac_slash_right_sep_dim=\dimen165
\l__xfrac_slash_left_muskip=\muskip17
\l__xfrac_slash_right_muskip=\muskip18

LaTeX template Info: Declaring template type 'xfrac' taking 3 argument(s) on
(template)           line 100.


LaTeX template Info: Declaring instance 'cmr' of type xfrac on line 392.


LaTeX template Info: Declaring instance 'cmss' of type xfrac on line 392.


LaTeX template Info: Declaring instance 'cmtt' of type xfrac on line 392.

) (/usr/share/texmf-dist/tex/latex/parskip/parskip.sty
Package: parskip 2021-03-14 v2.0h non-zero parskip adjustments
 (/usr/share/texmf-dist/tex/latex/kvoptions/kvoptions.sty
Package: kvoptions 2022-06-15 v3.15 Key value format for package options (HO)
 (/usr/share/texmf-dist/tex/generic/ltxcmds/ltxcmds.sty
Package: ltxcmds 2023-12-04 v1.26 LaTeX kernel commands for general use (HO)
) (/usr/share/texmf-dist/tex/latex/kvsetkeys/kvsetkeys.sty
Package: kvsetkeys 2022-10-05 v1.19 Key value parser (HO)
)) (/usr/share/texmf-dist/tex/latex/etoolbox/etoolbox.sty
Package: etoolbox 2025/10/02 v2.5m e-TeX tools for LaTeX (JAW)
\etb@tempcnta=\count308
)) (/usr/share/texmf-dist/tex/latex/lastpage/lastpage.sty
Package: lastpage 2025/08/14 v2.1h lastpage: 2.09 or 2e? (HMM)
 (/usr/share/texmf-dist/tex/latex/lastpage/lastpage2e.sty
Package: lastpage2e 2025/08/14 v2.1h Decide which 2e lastpage version to use (HMM)
 (/usr/share/texmf-dist/tex/latex/lastpage/lastpagemodern.sty
Package: lastpagemodern 2025-08-14 v2.1h Refers to last page's name (HMM; JPG)
\c@lastpagecount=\count309
) 
)) (/usr/share/texmf-dist/tex/latex/multirow/multirow.sty
Package: multirow 2024/11/12 v2.9 Span multiple rows of a table
\multirow@colwidth=\skip51
\multirow@cntb=\count310
\multirow@dima=\skip52
\bigstrutjot=\dimen166
) (/usr/share/texmf-dist/tex/latex/tools/array.sty
Package: array 2025/09/25 v2.6n Tabular extension package (FMi)
\col@sep=\dimen167
\ar@mcellbox=\box55
\extrarowheight=\dimen168
\NC@list=\toks23
\extratabsurround=\skip53
\backup@length=\skip54
\ar@cellbox=\box56
) (/usr/share/texmf-dist/tex/latex/tools/tabularx.sty
Package: tabularx 2023/12/11 v2.12a `tabularx' package (DPC)
\TX@col@width=\dimen169
\TX@old@table=\dimen170
\TX@old@col=\dimen171
\TX@target=\dimen172
\TX@delta=\dimen173
\TX@cols=\count311
\TX@ftn=\toks24
) (/usr/share/texmf-dist/tex/latex/enumitem/enumitem.sty
Package: enumitem 2025/02/06 v3.11 Customized lists
\labelindent=\skip55
\enit@outerparindent=\dimen174
\enit@toks=\toks25
\enit@inbox=\box57
\enit@count@id=\count312
\enitdp@description=\count313
) (/usr/share/texmf-dist/tex/latex/framed/framed.sty
Package: framed 2011/10/22 v 0.96: framed or shaded text with page breaks
\OuterFrameSep=\skip56
\fb@frw=\dimen175
\fb@frh=\dimen176
\FrameRule=\dimen177
\FrameSep=\dimen178
) (/usr/share/texmf-dist/tex/latex/lipsum/lipsum.sty (/usr/share/texmf-dist/tex/latex/l3packages/l3keys2e/l3keys2e.sty (/usr/share/texmf-dist/tex/latex/l3kernel/expl3.sty
Package: expl3 2026-01-19 L3 programming layer (loader) 
 (/usr/share/texmf-dist/tex/latex/l3backend/l3backend-pdftex.def
File: l3backend-pdftex.def 2025-10-09 L3 backend support: PDF output (pdfTeX)
\l__color_backend_stack_int=\count314
))
Package: l3keys2e 2025-10-09 LaTeX2e option processing using LaTeX3 keys
)
Package: lipsum 2021-09-20 v2.7 150 paragraphs of Lorem Ipsum dummy text
\g__lipsum_par_int=\count315
\l__lipsum_a_int=\count316
\l__lipsum_b_int=\count317
 (/usr/share/texmf-dist/tex/latex/lipsum/lipsum.ltd.tex)) (/usr/share/texmf-dist/tex/latex/listings/listings.sty
\lst@mode=\count318
\lst@gtempboxa=\box58
\lst@token=\toks26
\lst@length=\count319
\lst@currlwidth=\dimen179
\lst@column=\count320
\lst@pos=\count321
\lst@lostspace=\dimen180
\lst@width=\dimen181
\lst@newlines=\count322
\lst@lineno=\count323
\lst@maxwidth=\dimen182
 (/usr/share/texmf-dist/tex/latex/listings/lstpatch.sty
File: lstpatch.sty 2025/11/14 1.11b (Carsten Heinz)
) (/usr/share/texmf-dist/tex/latex/listings/lstmisc.sty
File: lstmisc.sty 2025/11/14 1.11b (Carsten Heinz)
\c@lstnumber=\count324
\lst@skipnumbers=\count325
\lst@framebox=\box59
) (/usr/share/texmf-dist/tex/latex/listings/listings.cfg
File: listings.cfg 2025/11/14 1.11b listings configuration
))
Package: listings 2025/11/14 1.11b (Carsten Heinz)

==> First Aid for listings.sty no longer applied!
    Expected:
        2024/09/23 1.10c (Carsten Heinz)
    but found:
        2025/11/14 1.11b (Carsten Heinz)
    so I'm assuming it got fixed.
(/usr/share/texmf-dist/tex/latex/fira/FiraSans.sty
Package: FiraSans 2022/09/17 (Bob Tennent and autoinst) Style file for Fira Sans fonts.
 (/usr/share/texmf-dist/tex/generic/iftex/ifxetex.sty
Package: ifxetex 2019/10/25 v0.7 ifxetex legacy package. Use iftex instead.
) (/usr/share/texmf-dist/tex/generic/iftex/ifluatex.sty
Package: ifluatex 2019/10/25 v1.5 ifluatex legacy package. Use iftex instead.
) (/usr/share/texmf-dist/tex/latex/xkeyval/xkeyval.sty
Package: xkeyval 2025/11/04 v2.10 package option processing (HA)
 (/usr/share/texmf-dist/tex/generic/xkeyval/xkeyval.tex (/usr/share/texmf-dist/tex/generic/xkeyval/xkvutils.tex
\XKV@toks=\toks27
\XKV@tempa@toks=\toks28
\XKV@tempb@toks=\toks29
)
\XKV@depth=\count326
File: xkeyval.tex 2014/12/03 v2.7a key=value parser (HA)
)) (/usr/share/texmf-dist/tex/latex/base/textcomp.sty
Package: textcomp 2024/04/24 v2.1b Standard LaTeX package
) (/usr/share/texmf-dist/tex/latex/fontaxes/fontaxes.sty
Package: fontaxes 2026-01-02 v2.0.2 Font selection axes (deprecated)
Applying: [2024-11-01] Use figureversions if present on input line 74.
 (/usr/share/texmf-dist/tex/latex/figureversions/figureversions.sty
Package: figureversions 2025-04-29 v1.0.1 Figure versions
)
Already applied: [0000-00-00] Fall back to v1 on input line 76.
)) (/usr/share/texmf-dist/tex/latex/newtxsf/newtxsf.sty
Package: newtxsf 2024/01/25 v1.056
 `newtxsf' v1.056, 2024/01/25 Math macros based on STIX sans serif and txfonts (msharpe) (/usr/share/texmf-dist/tex/latex/amsmath/amsmath.sty
Package: amsmath 2025/07/09 v2.17z AMS math features
\@mathmargin=\skip57

For additional information on amsmath, use the `?' option.
(/usr/share/texmf-dist/tex/latex/amsmath/amsbsy.sty
Package: amsbsy 1999/11/29 v1.2d Bold Symbols
\pmbraise@=\dimen183
) (/usr/share/texmf-dist/tex/latex/amsmath/amsopn.sty
Package: amsopn 2022/04/08 v2.04 operator names
)
\inf@bad=\count327
LaTeX Info: Redefining \frac on input line 233.
\uproot@=\count328
\leftroot@=\count329
LaTeX Info: Redefining \overline on input line 398.
LaTeX Info: Redefining \colon on input line 409.
\classnum@=\count330
\DOTSCASE@=\count331
LaTeX Info: Redefining \ldots on input line 495.
LaTeX Info: Redefining \dots on input line 498.
LaTeX Info: Redefining \cdots on input line 619.
\Mathstrutbox@=\box60
\strutbox@=\box61
LaTeX Info: Redefining \big on input line 721.
LaTeX Info: Redefining \Big on input line 722.
LaTeX Info: Redefining \bigg on input line 723.
LaTeX Info: Redefining \Bigg on input line 724.
\big@size=\dimen184
LaTeX Font Info:    Redeclaring font encoding OML on input line 742.
LaTeX Font Info:    Redeclaring font encoding OMS on input line 743.
\macc@depth=\count332
LaTeX Info: Redefining \bmod on input line 904.
LaTeX Info: Redefining \pmod on input line 909.
LaTeX Info: Redefining \smash on input line 939.
LaTeX Info: Redefining \relbar on input line 969.
LaTeX Info: Redefining \Relbar on input line 970.
\c@MaxMatrixCols=\count333
\dotsspace@=\muskip19
\c@parentequation=\count334
\dspbrk@lvl=\count335
\tag@help=\toks30
\row@=\count336
\column@=\count337
\maxfields@=\count338
\andhelp@=\toks31
\eqnshift@=\dimen185
\alignsep@=\dimen186
\tagshift@=\dimen187
\tagwidth@=\dimen188
\totwidth@=\dimen189
\lineht@=\dimen190
\@envbody=\toks32
\multlinegap=\skip58
\multlinetaggap=\skip59
\mathdisplay@stack=\toks33
LaTeX Info: Redefining \[ on input line 2950.
LaTeX Info: Redefining \] on input line 2951.
) (/usr/share/texmf-dist/tex/generic/kastrup/binhex.tex)
\tx@Isdigit=\count339
LaTeX Font Info:    Redeclaring symbol font `operators' on input line 58.
LaTeX Font Info:    Overwriting symbol font `operators' in version `normal'
(Font)                  OT1/cmr/m/n --> OT1/FiraSans-OsF/m/n on input line 58.
LaTeX Font Info:    Overwriting symbol font `operators' in version `bold'
(Font)                  OT1/cmr/bx/n --> OT1/FiraSans-OsF/m/n on input line 58.
LaTeX Font Info:    Overwriting symbol font `operators' in version `bold'
(Font)                  OT1/FiraSans-OsF/m/n --> OT1/FiraSans-OsF/b/n on input line 59.
LaTeX Font Info:    Redeclaring math alphabet \mathsf on input line 65.
LaTeX Font Info:    Overwriting math alphabet `\mathsf' in version `normal'
(Font)                  OT1/cmss/m/n --> OT1/FiraSans-OsF/m/n on input line 65.
LaTeX Font Info:    Overwriting math alphabet `\mathsf' in version `bold'
(Font)                  OT1/cmss/bx/n --> OT1/FiraSans-OsF/m/n on input line 65.
LaTeX Font Info:    Redeclaring math alphabet \mathit on input line 66.
LaTeX Font Info:    Overwriting math alphabet `\mathit' in version `normal'
(Font)                  OT1/cmr/m/it --> OT1/FiraSans-OsF/m/it on input line 66.
LaTeX Font Info:    Overwriting math alphabet `\mathit' in version `bold'
(Font)                  OT1/cmr/bx/it --> OT1/FiraSans-OsF/m/it on input line 66.
LaTeX Font Info:    Redeclaring math alphabet \mathtt on input line 67.
LaTeX Font Info:    Overwriting math alphabet `\mathtt' in version `normal'
(Font)                  OT1/cmtt/m/n --> OT1/cmtt/m/n on input line 67.
LaTeX Font Info:    Overwriting math alphabet `\mathtt' in version `bold'
(Font)                  OT1/cmtt/m/n --> OT1/cmtt/m/n on input line 67.
LaTeX Font Info:    Redeclaring math alphabet \mathbf on input line 69.
LaTeX Font Info:    Overwriting math alphabet `\mathbf' in version `normal'
(Font)                  OT1/cmr/bx/n --> OT1/FiraSans-OsF/b/n on input line 69.
LaTeX Font Info:    Overwriting math alphabet `\mathbf' in version `bold'
(Font)                  OT1/cmr/bx/n --> OT1/FiraSans-OsF/b/n on input line 69.
LaTeX Font Info:    Overwriting math alphabet `\mathit' in version `bold'
(Font)                  OT1/FiraSans-OsF/m/it --> OT1/FiraSans-OsF/b/it on input line 70.
LaTeX Font Info:    Overwriting math alphabet `\mathsf' in version `bold'
(Font)                  OT1/FiraSans-OsF/m/n --> OT1/FiraSans-OsF/b/n on input line 71.
LaTeX Font Info:    Overwriting math alphabet `\mathtt' in version `bold'
(Font)                  OT1/cmtt/m/n --> OT1/cmtt/b/n on input line 72.
LaTeX Font Info:    Redeclaring symbol font `letters' on input line 77.
LaTeX Font Info:    Overwriting symbol font `letters' in version `normal'
(Font)                  OML/cmm/m/it --> OML/ntxsfmi/m/it on input line 77.
LaTeX Font Info:    Overwriting symbol font `letters' in version `bold'
(Font)                  OML/cmm/b/it --> OML/ntxsfmi/m/it on input line 77.
LaTeX Font Info:    Overwriting symbol font `letters' in version `bold'
(Font)                  OML/ntxsfmi/m/it --> OML/ntxsfmi/b/it on input line 78.
\symlettersA=\mathgroup4
LaTeX Font Info:    Overwriting symbol font `lettersA' in version `bold'
(Font)                  U/ntxsfmia/m/it --> U/ntxsfmia/b/it on input line 85.
Now handling font encoding LMS ...
... no UTF-8 mapping file for font encoding LMS
LaTeX Font Info:    Redeclaring symbol font `symbols' on input line 95.
LaTeX Font Info:    Encoding `OMS' has changed to `LMS' for symbol font
(Font)              `symbols' in the math version `normal' on input line 95.
LaTeX Font Info:    Overwriting symbol font `symbols' in version `normal'
(Font)                  OMS/cmsy/m/n --> LMS/ntxsy/m/n on input line 95.
LaTeX Font Info:    Encoding `OMS' has changed to `LMS' for symbol font
(Font)              `symbols' in the math version `bold' on input line 95.
LaTeX Font Info:    Overwriting symbol font `symbols' in version `bold'
(Font)                  OMS/cmsy/b/n --> LMS/ntxsy/m/n on input line 95.
LaTeX Font Info:    Overwriting symbol font `symbols' in version `bold'
(Font)                  LMS/ntxsy/m/n --> LMS/ntxsy/b/n on input line 96.
\symAMSm=\mathgroup5
LaTeX Font Info:    Overwriting symbol font `AMSm' in version `bold'
(Font)                  U/ntxsym/m/n --> U/ntxsym/b/n on input line 115.
\symsymbolsC=\mathgroup6
LaTeX Font Info:    Overwriting symbol font `symbolsC' in version `bold'
(Font)                  U/ntxsyc/m/n --> U/ntxsyc/b/n on input line 137.
Now handling font encoding LMX ...
... no UTF-8 mapping file for font encoding LMX
LaTeX Font Info:    Redeclaring symbol font `largesymbols' on input line 150.
LaTeX Font Info:    Encoding `OMX' has changed to `LMX' for symbol font
(Font)              `largesymbols' in the math version `normal' on input line 150.
LaTeX Font Info:    Overwriting symbol font `largesymbols' in version `normal'
(Font)                  OMX/cmex/m/n --> LMX/ntxexx/m/n on input line 150.
LaTeX Font Info:    Encoding `OMX' has changed to `LMX' for symbol font
(Font)              `largesymbols' in the math version `bold' on input line 150.
LaTeX Font Info:    Overwriting symbol font `largesymbols' in version `bold'
(Font)                  OMX/cmex/m/n --> LMX/ntxexx/m/n on input line 150.
LaTeX Font Info:    Overwriting symbol font `largesymbols' in version `bold'
(Font)                  LMX/ntxexx/m/n --> LMX/ntxexx/b/n on input line 151.
\symlargesymbolsTXA=\mathgroup7
LaTeX Font Info:    Overwriting symbol font `largesymbolsTXA' in version `bold'
(Font)                  U/ntxexa/m/n --> U/ntxexa/b/n on input line 162.
LaTeX Font Info:    Redeclaring math delimiter \lfloor on input line 251.
LaTeX Font Info:    Redeclaring math delimiter \rfloor on input line 252.
LaTeX Font Info:    Redeclaring math delimiter \lceil on input line 253.
LaTeX Font Info:    Redeclaring math delimiter \rceil on input line 254.
LaTeX Font Info:    Redeclaring math delimiter \lbrace on input line 255.
LaTeX Font Info:    Redeclaring math delimiter \rbrace on input line 256.
LaTeX Font Info:    Redeclaring math delimiter \langle on input line 257.
LaTeX Font Info:    Redeclaring math delimiter \rangle on input line 259.
LaTeX Font Info:    Redeclaring math delimiter \vert on input line 264.
LaTeX Font Info:    Redeclaring math symbol \hbar on input line 284.
LaTeX Font Info:    Redeclaring math accent \grave on input line 301.
LaTeX Font Info:    Redeclaring math accent \acute on input line 302.
LaTeX Font Info:    Redeclaring math accent \check on input line 303.
LaTeX Font Info:    Redeclaring math accent \breve on input line 304.
LaTeX Font Info:    Redeclaring math accent \bar on input line 305.
LaTeX Font Info:    Redeclaring math accent \mathring on input line 306.
LaTeX Font Info:    Redeclaring math accent \hat on input line 307.
LaTeX Font Info:    Redeclaring math accent \dot on input line 308.
LaTeX Font Info:    Redeclaring math accent \tilde on input line 309.
LaTeX Font Info:    Redeclaring math accent \dot on input line 310.
LaTeX Font Info:    Redeclaring math accent \ddot on input line 311.
LaTeX Font Info:    Redeclaring math accent \vec on input line 1332.
LaTeX Font Info:    Redeclaring math symbol \m@thbbch@rA on input line 1532.
LaTeX Info: Redefining \not on input line 1786.
) (/usr/share/texmf-dist/tex/latex/csquotes/csquotes.sty
Package: csquotes 2024-04-04 v5.2o context-sensitive quotations (JAW)
\csq@reset=\count340
\csq@gtype=\count341
\csq@glevel=\count342
\csq@qlevel=\count343
\csq@maxlvl=\count344
\csq@tshold=\count345
\csq@ltx@everypar=\toks34
 (/usr/share/texmf-dist/tex/latex/csquotes/csquotes.def
File: csquotes.def 2024-04-04 v5.2o csquotes generic definitions (JAW)
)
Package csquotes Info: Trying to load configuration file 'csquotes.cfg'...
Package csquotes Info: ... configuration file loaded successfully.
 (/usr/share/texmf-dist/tex/latex/csquotes/csquotes.cfg
File: csquotes.cfg 
)) (/usr/share/texmf-dist/tex/latex/biblatex/biblatex.sty
Package: biblatex 2025/07/10 v3.21 programmable bibliographies (PK/MW)
 (/usr/share/texmf-dist/tex/generic/pdftexcmds/pdftexcmds.sty
Package: pdftexcmds 2020-06-27 v0.33 Utility functions of pdfTeX for LuaTeX (HO)
 (/usr/share/texmf-dist/tex/generic/infwarerr/infwarerr.sty
Package: infwarerr 2019/12/03 v1.5 Providing info/warning/error messages (HO)
)
Package pdftexcmds Info: \pdf@primitive is available.
Package pdftexcmds Info: \pdf@ifprimitive is available.
Package pdftexcmds Info: \pdfdraftmode found.
) (/usr/share/texmf-dist/tex/latex/logreq/logreq.sty
Package: logreq 2010/08/04 v1.0 xml request logger
\lrq@indent=\count346
 (/usr/share/texmf-dist/tex/latex/logreq/logreq.def
File: logreq.def 2010/08/04 v1.0 logreq spec v1.0
)) (/usr/share/texmf-dist/tex/latex/base/ifthen.sty
Package: ifthen 2024/03/16 v1.1e Standard LaTeX ifthen package (DPC)
) (/usr/share/texmf-dist/tex/latex/url/url.sty
\Urlmuskip=\muskip20
Package: url 2013/09/16  ver 3.4  Verb mode for urls, etc.
)
\c@tabx@nest=\count347
\c@listtotal=\count348
\c@listcount=\count349
\c@liststart=\count350
\c@liststop=\count351
\c@citecount=\count352
\c@citetotal=\count353
\c@multicitecount=\count354
\c@multicitetotal=\count355
\c@instcount=\count356
\c@maxnames=\count357
\c@minnames=\count358
\c@maxitems=\count359
\c@minitems=\count360
\c@citecounter=\count361
\c@maxcitecounter=\count362
\c@savedcitecounter=\count363
\c@uniquelist=\count364
\c@uniquename=\count365
\c@refsection=\count366
\c@refsegment=\count367
\c@maxextratitle=\count368
\c@maxextratitleyear=\count369
\c@maxextraname=\count370
\c@maxextradate=\count371
\c@maxextraalpha=\count372
\c@abbrvpenalty=\count373
\c@highnamepenalty=\count374
\c@lownamepenalty=\count375
\c@maxparens=\count376
\c@parenlevel=\count377
\blx@tempcnta=\count378
\blx@tempcntb=\count379
\blx@tempcntc=\count380
\c@blx@maxsection=\count381
\blx@maxsegment@0=\count382
\blx@notetype=\count383
\blx@parenlevel@text=\count384
\blx@parenlevel@foot=\count385
\blx@sectionciteorder@0=\count386
\blx@sectionciteorderinternal@0=\count387
\blx@entrysetcounter=\count388
\blx@biblioinstance=\count389
\labelnumberwidth=\skip60
\labelalphawidth=\skip61
\biblabelsep=\skip62
\bibitemsep=\skip63
\bibnamesep=\skip64
\bibinitsep=\skip65
\bibparsep=\skip66
\bibhang=\skip67
\blx@bcfin=\read3
\blx@bcfout=\write3
\blx@langwohyphens=\language7
\c@mincomprange=\count390
\c@maxcomprange=\count391
\c@mincompwidth=\count392
Package biblatex Info: Trying to load biblatex default data model...
Package biblatex Info: ... file 'blx-dm.def' found.
 (/usr/share/texmf-dist/tex/latex/biblatex/blx-dm.def
File: blx-dm.def 2025/07/10 v3.21 biblatex datamodel (PK/MW)
)
Package biblatex Info: Trying to load biblatex style data model...
Package biblatex Info: ... file 'authoryear.dbx' not found.
Package biblatex Info: Trying to load biblatex custom data model...
Package biblatex Info: ... file 'biblatex-dm.cfg' not found.
\c@afterword=\count393
\c@savedafterword=\count394
\c@annotator=\count395
\c@savedannotator=\count396
\c@author=\count397
\c@savedauthor=\count398
\c@bookauthor=\count399
\c@savedbookauthor=\count400
\c@commentator=\count401
\c@savedcommentator=\count402
\c@editor=\count403
\c@savededitor=\count404
\c@editora=\count405
\c@savededitora=\count406
\c@editorb=\count407
\c@savededitorb=\count408
\c@editorc=\count409
\c@savededitorc=\count410
\c@foreword=\count411
\c@savedforeword=\count412
\c@holder=\count413
\c@savedholder=\count414
\c@introduction=\count415
\c@savedintroduction=\count416
\c@namea=\count417
\c@savednamea=\count418
\c@nameb=\count419
\c@savednameb=\count420
\c@namec=\count421
\c@savednamec=\count422
\c@translator=\count423
\c@savedtranslator=\count424
\c@shortauthor=\count425
\c@savedshortauthor=\count426
\c@shorteditor=\count427
\c@savedshorteditor=\count428
\c@labelname=\count429
\c@savedlabelname=\count430
\c@institution=\count431
\c@savedinstitution=\count432
\c@lista=\count433
\c@savedlista=\count434
\c@listb=\count435
\c@savedlistb=\count436
\c@listc=\count437
\c@savedlistc=\count438
\c@listd=\count439
\c@savedlistd=\count440
\c@liste=\count441
\c@savedliste=\count442
\c@listf=\count443
\c@savedlistf=\count444
\c@location=\count445
\c@savedlocation=\count446
\c@organization=\count447
\c@savedorganization=\count448
\c@origlocation=\count449
\c@savedoriglocation=\count450
\c@origpublisher=\count451
\c@savedorigpublisher=\count452
\c@publisher=\count453
\c@savedpublisher=\count454
\c@language=\count455
\c@savedlanguage=\count456
\c@origlanguage=\count457
\c@savedoriglanguage=\count458
\c@pageref=\count459
\c@savedpageref=\count460
\shorthandwidth=\skip68
\shortjournalwidth=\skip69
\shortserieswidth=\skip70
\shorttitlewidth=\skip71
\shortauthorwidth=\skip72
\shorteditorwidth=\skip73
\locallabelnumberwidth=\skip74
\locallabelalphawidth=\skip75
\localshorthandwidth=\skip76
\localshortjournalwidth=\skip77
\localshortserieswidth=\skip78
\localshorttitlewidth=\skip79
\localshortauthorwidth=\skip80
\localshorteditorwidth=\skip81
Package biblatex Info: Trying to load compatibility code...
Package biblatex Info: ... file 'blx-compat.def' found.
 (/usr/share/texmf-dist/tex/latex/biblatex/blx-compat.def
File: blx-compat.def 2025/07/10 v3.21 biblatex compatibility (PK/MW)
)
Package biblatex Info: Trying to load generic definitions...
Package biblatex Info: ... file 'biblatex.def' found.
 (/usr/share/texmf-dist/tex/latex/biblatex/biblatex.def
File: biblatex.def 2025/07/10 v3.21 biblatex compatibility (PK/MW)
\c@textcitecount=\count461
\c@textcitetotal=\count462
\c@textcitemaxnames=\count463
\c@biburlbigbreakpenalty=\count464
\c@biburlbreakpenalty=\count465
\c@biburlnumpenalty=\count466
\c@biburlucpenalty=\count467
\c@biburllcpenalty=\count468
\biburlbigskip=\muskip21
\biburlnumskip=\muskip22
\biburlucskip=\muskip23
\biburllcskip=\muskip24
\c@smartand=\count469
)
Package biblatex Info: Trying to load natbib compatibility...
Package biblatex Info: ... file 'blx-natbib.def' found.
 (/usr/share/texmf-dist/tex/latex/biblatex/blx-natbib.def
File: blx-natbib.def 2025/07/10 v3.21 biblatex compatibility (PK/MW)
Package biblatex Info: Delimiter 'nameyeardelim' in context '' already defined, overwriting.
)
Package biblatex Info: Trying to load bibliography style 'authoryear'...
Package biblatex Info: ... file 'authoryear.bbx' found.
 (/usr/share/texmf-dist/tex/latex/biblatex/bbx/authoryear.bbx
File: authoryear.bbx 2025/07/10 v3.21 biblatex bibliography style (PK/MW)
Package biblatex Info: Trying to load bibliography style 'standard'...
Package biblatex Info: ... file 'standard.bbx' found.
 (/usr/share/texmf-dist/tex/latex/biblatex/bbx/standard.bbx
File: standard.bbx 2025/07/10 v3.21 biblatex bibliography style (PK/MW)
\c@bbx:relatedcount=\count470
\c@bbx:relatedtotal=\count471
))
Package biblatex Info: Trying to load citation style 'apa'...
Package biblatex Info: ... file 'apa.cbx' found.
 (/usr/share/texmf-dist/tex/latex/biblatex-apa/apa.cbx
File: apa.cbx 2025/08/27 v9.20 APA biblatex citation style
Package biblatex Info: Delimiter 'nameyeardelim' in context '' already defined, overwriting.
Package biblatex Info: Delimiter 'andothersdelim' in context '' already defined, overwriting.
Package biblatex Info: Redefining '\fullcite'.
Package biblatex Info: Redefining '\citeauthor'.
Package biblatex Info: Redefining '\citeyear'.
Package biblatex Info: Redefining '\cite'.
Package biblatex Info: Redefining '\cites'.
Package biblatex Info: Redefining '\parencite'.
Package biblatex Info: Redefining '\parencites'.
Package biblatex Info: Redefining '\footcite'.
Package biblatex Info: Redefining '\footcites'.
Package biblatex Info: Redefining '\footcitetext'.
Package biblatex Info: Redefining '\footcitetexts'.
Package biblatex Info: Redefining '\smartcite'.
Package biblatex Info: Redefining '\smartcites'.
Package biblatex Info: Redefining '\textcite'.
Package biblatex Info: Redefining '\textcites'.
)
Package biblatex Info: Trying to load configuration file...
Package biblatex Info: ... file 'biblatex.cfg' found.
 (/usr/share/texmf-dist/tex/latex/biblatex/biblatex.cfg
File: biblatex.cfg 
)
Package biblatex Info: Input encoding 'utf8' detected.
Package biblatex Info: Document encoding is UTF8 ....
Package biblatex Info: ... and expl3
(biblatex)             2026-01-19 L3 programming layer (loader) 
(biblatex)             is new enough (at least 2020/04/06),
(biblatex)             setting 'casechanger=expl3'.
 (/usr/share/texmf-dist/tex/latex/biblatex/blx-case-expl3.sty (/usr/share/texmf-dist/tex/latex/l3packages/xparse/xparse.sty
Package: xparse 2025-10-09 L3 Experimental document command parser
)
Package: blx-case-expl3 2025/07/10 v3.21 expl3 case changing code for biblatex
)) (/usr/share/texmf-dist/tex/latex/hyperref/hyperref.sty
Package: hyperref 2026-01-29 v7.01p Hypertext links for LaTeX
 (/usr/share/texmf-dist/tex/generic/kvdefinekeys/kvdefinekeys.sty
Package: kvdefinekeys 2019-12-19 v1.6 Define keys (HO)
) (/usr/share/texmf-dist/tex/generic/pdfescape/pdfescape.sty
Package: pdfescape 2019/12/09 v1.15 Implements pdfTeX's escape features (HO)
) (/usr/share/texmf-dist/tex/latex/hycolor/hycolor.sty
Package: hycolor 2020-01-27 v1.10 Color options for hyperref/bookmark (HO)
) (/usr/share/texmf-dist/tex/latex/hyperref/nameref.sty
Package: nameref 2026-01-29 v2.58 Cross-referencing by name of section
 (/usr/share/texmf-dist/tex/latex/refcount/refcount.sty
Package: refcount 2019/12/15 v3.6 Data extraction from label references (HO)
) (/usr/share/texmf-dist/tex/generic/gettitlestring/gettitlestring.sty
Package: gettitlestring 2019/12/15 v1.6 Cleanup title references (HO)
)
\c@section@level=\count472
) (/usr/share/texmf-dist/tex/generic/stringenc/stringenc.sty
Package: stringenc 2019/11/29 v1.12 Convert strings between diff. encodings (HO)
)
\@linkdim=\dimen191
\Hy@linkcounter=\count473
\Hy@pagecounter=\count474
 (/usr/share/texmf-dist/tex/latex/hyperref/pd1enc.def
File: pd1enc.def 2026-01-29 v7.01p Hyperref: PDFDocEncoding definition (HO)
Now handling font encoding PD1 ...
... no UTF-8 mapping file for font encoding PD1
) (/usr/share/texmf-dist/tex/generic/intcalc/intcalc.sty
Package: intcalc 2019/12/15 v1.3 Expandable calculations with integers (HO)
)
\Hy@SavedSpaceFactor=\count475
 (/usr/share/texmf-dist/tex/latex/hyperref/puenc.def
File: puenc.def 2026-01-29 v7.01p Hyperref: PDF Unicode definition (HO)
Now handling font encoding PU ...
... no UTF-8 mapping file for font encoding PU
)
Package hyperref Info: Option `pdfpagelabels' set `true' on input line 4072.
Package hyperref Info: Option `final' set `true' on input line 4072.
Package hyperref Info: Option `bookmarks' set `true' on input line 4072.
Package hyperref Info: Option `plainpages' set `false' on input line 4072.
Package hyperref Info: Hyper figures OFF on input line 4201.
Package hyperref Info: Link nesting OFF on input line 4206.
Package hyperref Info: Hyper index ON on input line 4209.
Package hyperref Info: Plain pages OFF on input line 4216.
Package hyperref Info: Backreferencing OFF on input line 4221.
Package hyperref Info: Implicit mode ON; LaTeX internals redefined.
Package hyperref Info: Bookmarks ON on input line 4468.
\c@Hy@tempcnt=\count476
LaTeX Info: Redefining \url on input line 4807.
\XeTeXLinkMargin=\dimen192
 (/usr/share/texmf-dist/tex/generic/bitset/bitset.sty
Package: bitset 2019/12/09 v1.3 Handle bit-vector datatype (HO)
 (/usr/share/texmf-dist/tex/generic/bigintcalc/bigintcalc.sty
Package: bigintcalc 2019/12/15 v1.5 Expandable calculations on big integers (HO)
))
\Fld@menulength=\count477
\Field@Width=\dimen193
\Fld@charsize=\dimen194
Package hyperref Info: Hyper figures OFF on input line 6084.
Package hyperref Info: Link nesting OFF on input line 6089.
Package hyperref Info: Hyper index ON on input line 6092.
Package hyperref Info: backreferencing OFF on input line 6099.
Package hyperref Info: Link coloring OFF on input line 6104.
Package hyperref Info: Link coloring with OCG OFF on input line 6109.
Package hyperref Info: PDF/A mode OFF on input line 6114.
\Hy@abspage=\count478
\c@Item=\count479
\c@Hfootnote=\count480
)
Package hyperref Info: Driver (autodetected): hpdftex.
 (/usr/share/texmf-dist/tex/latex/hyperref/hpdftex.def
File: hpdftex.def 2026-01-29 v7.01p Hyperref driver for pdfTeX
\Fld@listcount=\count481
\c@bookmark@seq@number=\count482
 (/usr/share/texmf-dist/tex/latex/rerunfilecheck/rerunfilecheck.sty
Package: rerunfilecheck 2025-06-21 v1.11 Rerun checks for auxiliary files (HO)
 (/usr/share/texmf-dist/tex/generic/uniquecounter/uniquecounter.sty
Package: uniquecounter 2019/12/15 v1.4 Provide unlimited unique counter (HO)
)
Package uniquecounter Info: New unique counter `rerunfilecheck' on input line 284.
)
\Hy@SectionHShift=\skip82
) (/usr/share/texmf-dist/tex/latex/xcolor/xcolor.sty
Package: xcolor 2024/09/29 v3.02 LaTeX color extensions (UK)
 (/usr/share/texmf-dist/tex/latex/graphics-cfg/color.cfg
File: color.cfg 2016/01/02 v1.6 sample color configuration
)

Package xcolor Warning: Package option `hyperref' is obsolete and ignored on input line 265.

Package xcolor Info: Driver file: pdftex.def on input line 274.
(/usr/share/texmf-dist/tex/latex/graphics/mathcolor.ltx)
Package xcolor Info: Model `cmy' substituted by `cmy0' on input line 1349.
Package xcolor Info: Model `hsb' substituted by `rgb' on input line 1353.
Package xcolor Info: Model `RGB' extended on input line 1365.
Package xcolor Info: Model `HTML' substituted by `rgb' on input line 1367.
Package xcolor Info: Model `Hsb' substituted by `hsb' on input line 1368.
Package xcolor Info: Model `tHsb' substituted by `hsb' on input line 1369.
Package xcolor Info: Model `HSB' substituted by `hsb' on input line 1370.
Package xcolor Info: Model `Gray' substituted by `gray' on input line 1371.
Package xcolor Info: Model `wave' substituted by `hsb' on input line 1372.
) (/usr/share/texmf-dist/tex/latex/graphics/dvipsnam.def
File: dvipsnam.def 2016/06/17 v3.0m Driver-dependent file (DPC,SPQR)
) (/usr/share/texmf-dist/tex/latex/xcolor/svgnam.def
File: svgnam.def 2024/09/29 v3.02 Predefined colors according to SVG 1.1 (UK)
) (/usr/share/texmf-dist/tex/latex/xcolor/x11nam.def
File: x11nam.def 2024/09/29 v3.02 Predefined colors according to Unix/X11 (UK)
)
Package hyperref Info: Option `colorlinks' set `true' on input line 52.
 (/usr/share/texmf-dist/tex/latex/cleveref/cleveref.sty
Package: cleveref 2018/03/27 v0.21.4 Intelligent cross-referencing
Package cleveref Info: `hyperref' support loaded on input line 2370.
LaTeX Info: Redefining \cref on input line 2370.
LaTeX Info: Redefining \Cref on input line 2370.
LaTeX Info: Redefining \crefrange on input line 2370.
LaTeX Info: Redefining \Crefrange on input line 2370.
LaTeX Info: Redefining \cpageref on input line 2370.
LaTeX Info: Redefining \Cpageref on input line 2370.
LaTeX Info: Redefining \cpagerefrange on input line 2370.
LaTeX Info: Redefining \Cpagerefrange on input line 2370.
LaTeX Info: Redefining \labelcref on input line 2370.
LaTeX Info: Redefining \labelcpageref on input line 2370.
Package cleveref Info: `listings' support loaded on input line 3131.
)
==> First Aid for cleveref.sty applied!
(./crefNames.tex) (/usr/share/texmf-dist/tex/latex/fancyhdr/fancyhdr.sty
Package: fancyhdr 2025/02/07 v5.2 Extensive control of page headers and footers
\f@nch@headwidth=\skip83
\f@nch@offset@elh=\skip84
\f@nch@offset@erh=\skip85
\f@nch@offset@olh=\skip86
\f@nch@offset@orh=\skip87
\f@nch@offset@elf=\skip88
\f@nch@offset@erf=\skip89
\f@nch@offset@olf=\skip90
\f@nch@offset@orf=\skip91
\f@nch@height=\skip92
\f@nch@footalignment=\skip93
\f@nch@widthL=\skip94
\f@nch@widthC=\skip95
\f@nch@widthR=\skip96
\@temptokenb=\toks35
)
Package csquotes Info: Checking for multilingual support...
Package csquotes Info: ... found 'babel' package.
Package csquotes Info: Adjusting default style.
Package csquotes Info: Redefining alias 'default' -> 'spanish'.
LaTeX Font Info:    Trying to load font information for T1+FiraSans-OsF on input line 159.
 (/usr/share/texmf-dist/tex/latex/fira/T1FiraSans-OsF.fd
File: T1FiraSans-OsF.fd 2019/10/10 (autoinst) Font definitions for T1/FiraSans-OsF.
)
LaTeX Font Info:    Font shape `T1/FiraSans-OsF/m/n' in size <10.95> not available
(Font)              Font shape `T1/FiraSans-OsF/regular/n' tried instead on input line 159.
LaTeX Font Info:    Font shape `T1/FiraSans-OsF/regular/n' will be
(Font)              scaled to size 9.30756pt on input line 159.


LaTeX Warning: Unused global option(s):
    [stdletter,orderfromtodate,sigleft].

(./informe_taller1.aux)
\openout1 = `informe_taller1.aux'.

LaTeX Font Info:    Checking defaults for OML/ntxsfmi/m/it on input line 159.
LaTeX Font Info:    Trying to load font information for OML+ntxsfmi on input line 159.
 (/usr/share/texmf-dist/tex/latex/newtxsf/omlntxsfmi.fd
File: omlntxsfmi.fd 2014/11/16 Fontinst v1.933 font definitions for OML/ntxsfmi.
)
LaTeX Font Info:    ... okay on input line 159.
LaTeX Font Info:    Checking defaults for OMS/cmsy/m/n on input line 159.
LaTeX Font Info:    ... okay on input line 159.
LaTeX Font Info:    Checking defaults for OT1/cmr/m/n on input line 159.
LaTeX Font Info:    ... okay on input line 159.
LaTeX Font Info:    Checking defaults for T1/cmr/m/n on input line 159.
LaTeX Font Info:    ... okay on input line 159.
LaTeX Font Info:    Checking defaults for TS1/cmr/m/n on input line 159.
LaTeX Font Info:    ... okay on input line 159.
LaTeX Font Info:    Checking defaults for OMX/cmex/m/n on input line 159.
LaTeX Font Info:    ... okay on input line 159.
LaTeX Font Info:    Checking defaults for U/ntxexa/m/n on input line 159.
LaTeX Font Info:    Trying to load font information for U+ntxexa on input line 159.
 (/usr/share/texmf-dist/tex/latex/newtx/untxexa.fd
File: untxexa.fd 2012/04/16 Fontinst v1.933 font definitions for U/ntxexa.
)
LaTeX Font Info:    ... okay on input line 159.
LaTeX Font Info:    Checking defaults for LMS/ntxsy/m/n on input line 159.
LaTeX Font Info:    Trying to load font information for LMS+ntxsy on input line 159.
 (/usr/share/texmf-dist/tex/latex/newtx/lmsntxsy.fd
File: lmsntxsy.fd 2016/07/02 Fontinst v1.933 font definitions for LMS/ntxsy.
)
LaTeX Font Info:    ... okay on input line 159.
LaTeX Font Info:    Checking defaults for LMX/ntxexx/m/n on input line 159.
LaTeX Font Info:    ... okay on input line 159.
LaTeX Font Info:    Checking defaults for PD1/pdf/m/n on input line 159.
LaTeX Font Info:    ... okay on input line 159.
LaTeX Font Info:    Checking defaults for PU/pdf/m/n on input line 159.
LaTeX Font Info:    ... okay on input line 159.

*geometry* driver: auto-detecting
*geometry* detected driver: pdftex
*geometry* verbose mode - [ preamble ] result:
* driver: pdftex
* paper: letterpaper
* layout: <same size as paper>
* layoutoffset:(h,v)=(0.0pt,0.0pt)
* modes: twoside 
* h-part:(L,W,R)=(57.81621pt, 498.66258pt, 57.81621pt)
* v-part:(T,H,B)=(65.04256pt, 672.11122pt, 57.81621pt)
* \paperwidth=614.295pt
* \paperheight=794.96999pt
* \textwidth=498.66258pt
* \textheight=672.11122pt
* \oddsidemargin=-14.45378pt
* \evensidemargin=-14.45378pt
* \topmargin=-44.22743pt
* \headheight=12.0pt
* \headsep=25.0pt
* \topskip=11.0pt
* \footskip=30.0pt
* \marginparwidth=113.0pt
* \marginparsep=10.0pt
* \columnsep=10.0pt
* \skip\footins=10.0pt plus 4.0pt minus 2.0pt
* \hoffset=0.0pt
* \voffset=0.0pt
* \mag=1000
* \@twocolumnfalse
* \@twosidetrue
* \@mparswitchtrue
* \@reversemarginfalse
* (1in=72.27pt=25.4mm, 1cm=28.453pt)

LaTeX Info: Redefining \. on input line 159.
LaTeX Info: Redefining \% on input line 159.
Package babel Info: 'spanish' activates 'spanish' shorthands.
(babel)             Reported on input line 159.
(/usr/share/texmf-dist/tex/context/base/mkii/supp-pdf.mkii
[Loading MPS to PDF converter (version 2006.09.02).]
\scratchcounter=\count483
\scratchdimen=\dimen195
\scratchbox=\box62
\nofMPsegments=\count484
\nofMParguments=\count485
\everyMPshowfont=\toks36
\MPscratchCnt=\count486
\MPscratchDim=\dimen196
\MPnumerator=\count487
\makeMPintoPDFobject=\count488
\everyMPtoPDFconversion=\toks37
) (/usr/share/texmf-dist/tex/latex/epstopdf-pkg/epstopdf-base.sty
Package: epstopdf-base 2020-01-24 v2.11 Base part for package epstopdf
Package epstopdf-base Info: Redefining graphics rule for `.eps' on input line 485.
 (/usr/share/texmf-dist/tex/latex/latexconfig/epstopdf-sys.cfg
File: epstopdf-sys.cfg 2010/07/13 v1.3 Configuration of (r)epstopdf for TeX Live
))
\c@lstlisting=\count489
\c@mv@tabular=\count490
\c@mv@boldtabular=\count491
LaTeX Info: Command `\dddot' is already robust on input line 159.
LaTeX Info: Command `\ddddot' is already robust on input line 159.
Package biblatex Info: Trying to load language 'spanish'...
Package biblatex Info: ... file 'spanish.lbx' found.
 (/usr/share/texmf-dist/tex/latex/biblatex/lbx/spanish.lbx
File: spanish.lbx 2025/07/10 v3.21 biblatex localization (PK/MW)
)
Package biblatex Info: Input encoding 'utf8' detected.
Package biblatex Info: Data encoding 'utf8' specified.
(biblatex)             No need to reencode data.
\openout3 = `informe_taller1.bcf'.

Package biblatex Info: Trying to load bibliographic data...
Package biblatex Info: ... file 'informe_taller1.bbl' not found.

No file informe_taller1.bbl.
Package biblatex Info: Reference section=0 on input line 159.
Package biblatex Info: Reference segment=0 on input line 159.
Package hyperref Info: Link coloring ON on input line 159.
\@outlinefile=\write4
\openout4 = `informe_taller1.out'.


/root/main/modelacion_matematica/modelacion_matematica/plantillaEntregaTaller/informe_taller1.tex:159: LaTeX hooks Error: Generic hooks cannot be added to '\@makecaption'.

For immediate help type H <return>.
 ...                                              
                                                  
l.159 \begin{document}
                      

You tried to add a hook to '\@makecaption', but LaTeX was unable to patch the
command because it can't be retokenized cleanly.


LaTeX Font Info:    Font shape `T1/FiraSans-OsF/m/n' in size <20.74> not available
(Font)              Font shape `T1/FiraSans-OsF/regular/n' tried instead on input line 173.
LaTeX Font Info:    Font shape `T1/FiraSans-OsF/regular/n' will be
(Font)              scaled to size 17.62912pt on input line 173.
LaTeX Font Info:    Font shape `T1/FiraSans-OsF/b/n' in size <20.74> not available
(Font)              Font shape `T1/FiraSans-OsF/bold/n' tried instead on input line 173.
LaTeX Font Info:    Font shape `T1/FiraSans-OsF/bold/n' will be
(Font)              scaled to size 17.62912pt on input line 173.
LaTeX Font Info:    Font shape `T1/FiraSans-OsF/b/sc' in size <20.74> not available
(Font)              Font shape `T1/FiraSans-OsF/bold/sc' tried instead on input line 173.
LaTeX Font Info:    Font shape `T1/FiraSans-OsF/bold/sc' will be
(Font)              scaled to size 17.62912pt on input line 173.
LaTeX Font Info:    Font shape `T1/FiraSans-OsF/m/n' in size <14.4> not available
(Font)              Font shape `T1/FiraSans-OsF/regular/n' tried instead on input line 174.
LaTeX Font Info:    Font shape `T1/FiraSans-OsF/regular/n' will be
(Font)              scaled to size 12.24008pt on input line 174.
LaTeX Font Info:    Font shape `T1/FiraSans-OsF/b/n' in size <14.4> not available
(Font)              Font shape `T1/FiraSans-OsF/bold/n' tried instead on input line 174.
LaTeX Font Info:    Font shape `T1/FiraSans-OsF/bold/n' will be
(Font)              scaled to size 12.24008pt on input line 174.
LaTeX Font Info:    Font shape `T1/FiraSans-OsF/b/sc' in size <14.4> not available
(Font)              Font shape `T1/FiraSans-OsF/bold/sc' tried instead on input line 174.
LaTeX Font Info:    Font shape `T1/FiraSans-OsF/bold/sc' will be
(Font)              scaled to size 12.24008pt on input line 174.
<./templateFigures/escudo.png, id=4, 133.9404pt x 174.8934pt>
File: ./templateFigures/escudo.png Graphic file (type png)
<use ./templateFigures/escudo.png>
Package pdftex.def Info: ./templateFigures/escudo.png  used on input line 178.
(pdftex.def)             Requested size: 99.73099pt x 130.22502pt.
LaTeX Font Info:    Font shape `T1/FiraSans-OsF/m/n' in size <24.88> not available
(Font)              Font shape `T1/FiraSans-OsF/regular/n' tried instead on input line 183.
LaTeX Font Info:    Font shape `T1/FiraSans-OsF/regular/n' will be
(Font)              scaled to size 21.14815pt on input line 183.
LaTeX Font Info:    Font shape `T1/FiraSans-OsF/b/n' in size <24.88> not available
(Font)              Font shape `T1/FiraSans-OsF/bold/n' tried instead on input line 183.
LaTeX Font Info:    Font shape `T1/FiraSans-OsF/bold/n' will be
(Font)              scaled to size 21.14815pt on input line 183.
LaTeX Font Info:    Font shape `T1/FiraSans-OsF/m/n' in size <12> not available
(Font)              Font shape `T1/FiraSans-OsF/regular/n' tried instead on input line 192.
LaTeX Font Info:    Font shape `T1/FiraSans-OsF/regular/n' will be
(Font)              scaled to size 10.20007pt on input line 192.
LaTeX Font Info:    Trying to load font information for OT1+FiraSans-OsF on input line 196.
(/usr/share/texmf-dist/tex/latex/fira/OT1FiraSans-OsF.fd
File: OT1FiraSans-OsF.fd 2019/10/10 (autoinst) Font definitions for OT1/FiraSans-OsF.
)
LaTeX Font Info:    Font shape `OT1/FiraSans-OsF/m/n' in size <12> not available
(Font)              Font shape `OT1/FiraSans-OsF/regular/n' tried instead on input line 196.
LaTeX Font Info:    Font shape `OT1/FiraSans-OsF/regular/n' will be
(Font)              scaled to size 10.20007pt on input line 196.
LaTeX Font Info:    Font shape `OT1/FiraSans-OsF/m/n' in size <8.8> not available
(Font)              Font shape `OT1/FiraSans-OsF/regular/n' tried instead on input line 196.
LaTeX Font Info:    Font shape `OT1/FiraSans-OsF/regular/n' will be
(Font)              scaled to size 7.48004pt on input line 196.
LaTeX Font Info:    Font shape `OT1/FiraSans-OsF/m/n' in size <6.6> not available
(Font)              Font shape `OT1/FiraSans-OsF/regular/n' tried instead on input line 196.
LaTeX Font Info:    Font shape `OT1/FiraSans-OsF/regular/n' will be
(Font)              scaled to size 5.61003pt on input line 196.
LaTeX Font Info:    Trying to load font information for U+ntxsfmia on input line 196.
 (/usr/share/texmf-dist/tex/latex/newtxsf/untxsfmia.fd
File: untxsfmia.fd 2014/11/16 Fontinst v1.933 font definitions for U/ntxsfmia.
)
LaTeX Font Info:    Trying to load font information for U+ntxsym on input line 196.
 (/usr/share/texmf-dist/tex/latex/newtx/untxsym.fd
File: untxsym.fd 2023/08/16 Fontinst v1.933 font definitions for U/ntxsym.
)
LaTeX Font Info:    Trying to load font information for U+ntxsyc on input line 196.
 (/usr/share/texmf-dist/tex/latex/newtx/untxsyc.fd
File: untxsyc.fd 2012/04/12 Fontinst v1.933 font definitions for U/ntxsyc.
)
<./templateFigures/moduleOwnershipGNUM.png, id=6, 1541.76pt x 545.03625pt>
File: ./templateFigures/moduleOwnershipGNUM.png Graphic file (type png)
<use ./templateFigures/moduleOwnershipGNUM.png>
Package pdftex.def Info: ./templateFigures/moduleOwnershipGNUM.png  used on input line 203.
(pdftex.def)             Requested size: 65.67506pt x 23.21155pt.
 [1

{/var/lib/texmf/fonts/map/pdftex/updmap/pdftex.map}{/usr/share/texmf-dist/fonts/enc/dvips/fira/fir_2mfh3o.enc}{/usr/share/texmf-dist/fonts/enc/dvips/fira/fir_iln36p.enc} <./templateFigures/escudo.png> <./templateFigures/moduleOwnershipGNUM.png>]
Underfull \hbox (badness 10000) in paragraph at lines 218--219

 []

LaTeX Font Info:    Font shape `T1/FiraSans-OsF/b/n' in size <10.95> not available
(Font)              Font shape `T1/FiraSans-OsF/bold/n' tried instead on input line 231.
LaTeX Font Info:    Font shape `T1/FiraSans-OsF/bold/n' will be
(Font)              scaled to size 9.30756pt on input line 231.
LaTeX Font Info:    Font shape `T1/FiraSans-OsF/b/n' in size <12> not available
(Font)              Font shape `T1/FiraSans-OsF/bold/n' tried instead on input line 245.
LaTeX Font Info:    Font shape `T1/FiraSans-OsF/bold/n' will be
(Font)              scaled to size 10.20007pt on input line 245.

Underfull \hbox (badness 10000) in paragraph at lines 245--246

 []


Underfull \hbox (badness 10000) in paragraph at lines 248--249

 []

LaTeX Font Info:    Font shape `T1/FiraSans-OsF/m/n' in size <8.8> not available
(Font)              Font shape `T1/FiraSans-OsF/regular/n' tried instead on input line 251.
LaTeX Font Info:    Font shape `T1/FiraSans-OsF/regular/n' will be
(Font)              scaled to size 7.48004pt on input line 251.

Underfull \hbox (badness 10000) in paragraph at lines 251--252

 []


Underfull \hbox (badness 10000) in paragraph at lines 254--255

 []

LaTeX Font Info:    Font shape `T1/FiraSans-OsF/m/n' in size <9> not available
(Font)              Font shape `T1/FiraSans-OsF/regular/n' tried instead on input line 257.
LaTeX Font Info:    Font shape `T1/FiraSans-OsF/regular/n' will be
(Font)              scaled to size 7.65005pt on input line 257.
[2]
LaTeX Font Info:    Font shape `T1/FiraSans-OsF/m/it' in size <10.95> not available
(Font)              Font shape `T1/FiraSans-OsF/regular/it' tried instead on input line 271.
LaTeX Font Info:    Font shape `T1/FiraSans-OsF/regular/it' will be
(Font)              scaled to size 9.30756pt on input line 271.


LaTeX Warning: Citation 'Almedeij2008' on page 1 undefined on input line 279.


LaTeX Warning: Citation '' on page 1 undefined on input line 279.

LaTeX Font Info:    Font shape `OT1/FiraSans-OsF/m/n' in size <10.95> not available
(Font)              Font shape `OT1/FiraSans-OsF/regular/n' tried instead on input line 280.
LaTeX Font Info:    Font shape `OT1/FiraSans-OsF/regular/n' will be
(Font)              scaled to size 9.30756pt on input line 280.
LaTeX Font Info:    Font shape `OT1/FiraSans-OsF/m/n' in size <8> not available
(Font)              Font shape `OT1/FiraSans-OsF/regular/n' tried instead on input line 280.
LaTeX Font Info:    Font shape `OT1/FiraSans-OsF/regular/n' will be
(Font)              scaled to size 6.80005pt on input line 280.
LaTeX Font Info:    Font shape `OT1/FiraSans-OsF/m/n' in size <6.1> not available
(Font)              Font shape `OT1/FiraSans-OsF/regular/n' tried instead on input line 280.
LaTeX Font Info:    Font shape `OT1/FiraSans-OsF/regular/n' will be
(Font)              scaled to size 5.18503pt on input line 280.

LaTeX Warning: Citation 'RanzMarshall1952' on page 1 undefined on input line 282.


LaTeX Warning: Citation 'Hercel2025' on page 1 undefined on input line 285.


LaTeX Warning: Citation '' on page 1 undefined on input line 285.


LaTeX Warning: Citation 'Incropera2007' on page 1 undefined on input line 289.


LaTeX Warning: Citation '' on page 1 undefined on input line 289.


LaTeX Warning: Citation 'BirdStewartLightfoot2002' on page 1 undefined on input line 290.


LaTeX Warning: Citation '' on page 1 undefined on input line 290.

LaTeX Font Info:    Font shape `T1/FiraSans-OsF/b/n' in size <9> not available
(Font)              Font shape `T1/FiraSans-OsF/bold/n' tried instead on input line 331.
LaTeX Font Info:    Font shape `T1/FiraSans-OsF/bold/n' will be
(Font)              scaled to size 7.65005pt on input line 331.

LaTeX Warning: Reference `LastPage' on page 1 undefined on input line 331.

[1]

LaTeX Warning: Reference `LastPage' on page 2 undefined on input line 396.

[2]
<figures/vc.jpg, id=37, 236.38312pt x 221.82875pt>
File: figures/vc.jpg Graphic file (type jpg)
<use figures/vc.jpg>
Package pdftex.def Info: figures/vc.jpg  used on input line 420.
(pdftex.def)             Requested size: 174.53494pt x 163.79189pt.


LaTeX Warning: Reference `LastPage' on page 3 undefined on input line 452.

[3 <./figures/vc.jpg>]

LaTeX Warning: Reference `LastPage' on page 4 undefined on input line 536.

[4]
LaTeX Font Info:    Font shape `T1/FiraSans-OsF/m/n' in size <8> not available
(Font)              Font shape `T1/FiraSans-OsF/regular/n' tried instead on input line 567.
LaTeX Font Info:    Font shape `T1/FiraSans-OsF/regular/n' will be
(Font)              scaled to size 6.80005pt on input line 567.
LaTeX Font Info:    Font shape `T1/FiraSans-OsF/m/n' in size <6.1> not available
(Font)              Font shape `T1/FiraSans-OsF/regular/n' tried instead on input line 567.
LaTeX Font Info:    Font shape `T1/FiraSans-OsF/regular/n' will be
(Font)              scaled to size 5.18503pt on input line 567.
LaTeX Font Info:    Trying to load font information for TS1+FiraSans-OsF on input line 577.
 (/usr/share/texmf-dist/tex/latex/fira/TS1FiraSans-OsF.fd
File: TS1FiraSans-OsF.fd 2019/10/10 (autoinst) Font definitions for TS1/FiraSans-OsF.
)
LaTeX Font Info:    Font shape `TS1/FiraSans-OsF/m/n' in size <10.95> not available
(Font)              Font shape `TS1/FiraSans-OsF/regular/n' tried instead on input line 577.
LaTeX Font Info:    Font shape `TS1/FiraSans-OsF/regular/n' will be
(Font)              scaled to size 9.30756pt on input line 577.


LaTeX Warning: Reference `LastPage' on page 5 undefined on input line 603.

[5{/usr/share/texmf-dist/fonts/enc/dvips/fira/fir_d67aat.enc}]

LaTeX Warning: Reference `LastPage' on page 6 undefined on input line 657.

[6]

LaTeX Warning: Reference `eq:sistema_final' on page 1 undefined on input line 688.

LaTeX Font Info:    Font shape `OT1/FiraSans-OsF/b/n' in size <10.95> not available
(Font)              Font shape `OT1/FiraSans-OsF/bold/n' tried instead on input line 692.
LaTeX Font Info:    Font shape `OT1/FiraSans-OsF/bold/n' will be
(Font)              scaled to size 9.30756pt on input line 692.
LaTeX Font Info:    Font shape `OT1/FiraSans-OsF/b/n' in size <8> not available
(Font)              Font shape `OT1/FiraSans-OsF/bold/n' tried instead on input line 692.
LaTeX Font Info:    Font shape `OT1/FiraSans-OsF/bold/n' will be
(Font)              scaled to size 6.80005pt on input line 692.
LaTeX Font Info:    Font shape `OT1/FiraSans-OsF/b/n' in size <6.1> not available
(Font)              Font shape `OT1/FiraSans-OsF/bold/n' tried instead on input line 692.
LaTeX Font Info:    Font shape `OT1/FiraSans-OsF/bold/n' will be
(Font)              scaled to size 5.18503pt on input line 692.

Underfull \vbox (badness 10000) has occurred while \output is active []



LaTeX Warning: Reference `LastPage' on page 7 undefined on input line 720.

[7{/usr/share/texmf-dist/fonts/enc/dvips/fira/fir_337jzs.enc}]

LaTeX Warning: Reference `eq:rk4_avance' on page 1 undefined on input line 733.


LaTeX Warning: Reference `fig:diagrama' on page 1 undefined on input line 743.


LaTeX Warning: Reference `fig:dflujo' on page 1 undefined on input line 755.

<figures/dflujo.PNG, id=87, 633.86812pt x 569.87906pt>
File: figures/dflujo.PNG Graphic file (type png)
<use figures/dflujo.PNG>
Package pdftex.def Info: figures/dflujo.PNG  used on input line 759.
(pdftex.def)             Requested size: 373.99693pt x 336.25182pt.

Package lipsum Warning: Unknown language 'latin'. Hyphenation patterns for
(lipsum)                'spanish' will be used instead.


LaTeX Warning: Reference `LastPage' on page 8 undefined on input line 778.

[8]

LaTeX Warning: Reference `LastPage' on page 9 undefined on input line 782.

[9 <./figures/dflujo.PNG>] 
enddocument/afterlastpage (AED): lastpage setting LastPage.
(./informe_taller1.aux
LaTeX Info: Redefining \sptext on input line 12.
LaTeX Info: Redefining \. on input line 12.
LaTeX Info: Redefining \% on input line 12.
Package cleveref Info: loaded `spanish' language definitions on input line 12.
)
 ***********
LaTeX2e <2025-11-01>
L3 programming layer <2026-01-19>
 ***********


LaTeX Warning: There were undefined references.


LaTeX Warning: Label(s) may have changed. Rerun to get cross-references right.


Package rerunfilecheck Warning: File `informe_taller1.out' has changed.
(rerunfilecheck)                Rerun to get outlines right
(rerunfilecheck)                or use package `bookmark'.

Package rerunfilecheck Info: Checksums for `informe_taller1.out':
(rerunfilecheck)             Before: <no file>
(rerunfilecheck)             After:  5CC488B1E2B46D79083A7355561796F8;1938.

Package lastpage Warning: Rerun to get the references right on input line 782.


Package biblatex Warning: Please (re)run Biber on the file:
(biblatex)                informe_taller1
(biblatex)                and rerun LaTeX afterwards.

Package logreq Info: Writing requests to 'informe_taller1.run.xml'.
\openout1 = `informe_taller1.run.xml'.

 ) 
Here is how much of TeX's memory you used:
 28117 strings out of 469453
 492849 string characters out of 5469037
 1474780 words of memory out of 5000000
 56350 multiletter control sequences out of 15000+600000
 951904 words of font info for 152 fonts, out of 8000000 for 9000
 40 hyphenation exceptions out of 8191
 73i,13n,84p,1286b,2194s stack positions out of 10000i,1000n,20000p,200000b,200000s
</usr/share/texmf-dist/fonts/type1/public/fira/FiraSans-Bold.pfb></usr/share/texmf-dist/fonts/type1/public/fira/FiraSans-Italic.pfb></usr/share/texmf-dist/fonts/type1/public/fira/FiraSans-Regular.pfb></usr/share/texmf-dist/fonts/type1/public/txfonts/rtxmi.pfb></usr/share/texmf-dist/fonts/type1/public/newtx/txexs.pfb></usr/share/texmf-dist/fonts/type1/public/newtx/txsys.pfb></usr/share/texmf-dist/fonts/type1/public/newtxsf/zsfmi-reg.pfb></usr/share/texmf-dist/fonts/type1/public/newtxsf/zsfmia-reg.pfb>
Output written on informe_taller1.pdf (11 pages, 729404 bytes).
PDF statistics:
 164 PDF objects out of 1000 (max. 8388607)
 123 compressed objects within 2 object streams
 48 named destinations out of 1000 (max. 500000)
 21 words of extra memory for PDF output out of 10000 (max. 10000000)

